0 info it worked if it ends with ok
1 verbose cli [ '/usr/bin/node',
1 verbose cli   '/usr/bin/npm',
1 verbose cli   'run',
1 verbose cli   'desktop',
1 verbose cli   '--',
1 verbose cli   'build-installer' ]
2 info using npm@4.0.3
3 info using node@v7.2.1
4 verbose run-script [ 'predesktop', 'desktop', 'postdesktop' ]
5 info lifecycle simple-todos@~predesktop: simple-todos@
6 silly lifecycle simple-todos@~predesktop: no script for predesktop, continuing
7 info lifecycle simple-todos@~desktop: simple-todos@
8 verbose lifecycle simple-todos@~desktop: unsafe-perm in lifecycle true
9 verbose lifecycle simple-todos@~desktop: PATH: /usr/lib/node_modules/npm/bin/node-gyp-bin:/home/jeremy/Documents/source/meteor-projects/simple-todos/node_modules/.bin:/usr/local/sbin:/usr/local/bin:/usr/bin:/usr/bin/site_perl:/usr/bin/vendor_perl:/usr/bin/core_perl
10 verbose lifecycle simple-todos@~desktop: CWD: /home/jeremy/Documents/source/meteor-projects/simple-todos
11 silly lifecycle simple-todos@~desktop: Args: [ '-c', 'meteor-desktop "build-installer"' ]
12 silly lifecycle simple-todos@~desktop: Returned: code: 1  signal: null
13 info lifecycle simple-todos@~desktop: Failed to exec desktop script
14 verbose stack Error: simple-todos@ desktop: `meteor-desktop "build-installer"`
14 verbose stack Exit status 1
14 verbose stack     at EventEmitter.<anonymous> (/usr/lib/node_modules/npm/lib/utils/lifecycle.js:279:16)
14 verbose stack     at emitTwo (events.js:106:13)
14 verbose stack     at EventEmitter.emit (events.js:191:7)
14 verbose stack     at ChildProcess.<anonymous> (/usr/lib/node_modules/npm/lib/utils/spawn.js:40:14)
14 verbose stack     at emitTwo (events.js:106:13)
14 verbose stack     at ChildProcess.emit (events.js:191:7)
14 verbose stack     at maybeClose (internal/child_process.js:885:16)
14 verbose stack     at Process.ChildProcess._handle.onexit (internal/child_process.js:226:5)
15 verbose pkgid simple-todos@
16 verbose cwd /home/jeremy/Documents/source/meteor-projects/simple-todos/.desktop
17 error Linux 4.8.13-1-ARCH
18 error argv "/usr/bin/node" "/usr/bin/npm" "run" "desktop" "--" "build-installer"
19 error node v7.2.1
20 error npm  v4.0.3
21 error code ELIFECYCLE
22 error simple-todos@ desktop: `meteor-desktop "build-installer"`
22 error Exit status 1
23 error Failed at the simple-todos@ desktop script 'meteor-desktop "build-installer"'.
23 error Make sure you have the latest version of node.js and npm installed.
23 error If you do, this is most likely a problem with the simple-todos package,
23 error not with npm itself.
23 error Tell the author that this fails on your system:
23 error     meteor-desktop "build-installer"
23 error You can get information on how to open an issue for this project with:
23 error     npm bugs simple-todos
23 error Or if that isn't available, you can get their info via:
23 error     npm owner ls simple-todos
23 error There is likely additional logging output above.
24 verbose exit [ 1, true ]
